::1 - - [12/Nov/2019:14:29:27 -0200] "GET /phpmyadmin HTTP/1.1" 301 239
::1 - - [12/Nov/2019:14:29:27 -0200] "GET /phpmyadmin/ HTTP/1.1" 200 8585
::1 - - [12/Nov/2019:14:29:37 -0200] "GET /phpmyadmin/themes/pmahomme/jquery/jquery-ui-1.9.2.custom.css HTTP/1.1" 200 32739
::1 - - [12/Nov/2019:14:29:37 -0200] "GET /phpmyadmin/phpmyadmin.css.php?server=1&lang=pt&collation_connection=utf8_general_ci&token=51102de6b10be4b87ec984f1424b6073&nocache=4720723044ltr HTTP/1.1" 200 92653
::1 - - [12/Nov/2019:14:29:37 -0200] "GET /phpmyadmin/js/get_image.js.php?theme=pmahomme HTTP/1.1" 200 6364
::1 - - [12/Nov/2019:14:29:37 -0200] "GET /phpmyadmin/js/messages.php?lang=pt&db=&server=0&collation_connection=utf8_general_ci&token=cc7e37b20de8f7c99cc46c9259c7bf04 HTTP/1.1" 200 18108
::1 - - [12/Nov/2019:14:29:39 -0200] "GET /phpmyadmin/themes/pmahomme/img/logo_right.png HTTP/1.1" 200 4548
::1 - - [12/Nov/2019:14:29:39 -0200] "GET /phpmyadmin/themes/dot.gif HTTP/1.1" 200 43
::1 - - [12/Nov/2019:14:29:37 -0200] "GET /phpmyadmin/js/get_scripts.js.php?scripts[]=jquery/jquery-1.8.3.js&scripts[]=ajax.js&scripts[]=keyhandler.js&scripts[]=jquery/jquery-ui-1.9.2.custom.js&scripts[]=jquery/jquery.sprintf.js&scripts[]=jquery/jquery.cookie.js&scripts[]=jquery/jquery.mousewheel.js&scripts[]=jquery/jquery.event.drag-2.2.js&scripts[]=jquery/jquery-ui-timepicker-addon.js&scripts[]=jquery/jquery.ba-hashchange-1.3.js&scripts[]=jquery/jquery.debounce-1.0.5.js&scripts[]=jquery/jquery.menuResizer-1.0.js&scripts[]=rte.js&scripts[]=functions.js&scripts[]=navigation.js&scripts[]=indexes.js&scripts[]=common.js&scripts[]=codemirror/lib/codemirror.js&scripts[]=codemirror/mode/mysql/mysql.js HTTP/1.1" 200 578621
::1 - - [12/Nov/2019:14:29:42 -0200] "GET /phpmyadmin/themes/pmahomme/img/sprites.png HTTP/1.1" 200 61899
::1 - - [12/Nov/2019:14:29:43 -0200] "GET /phpmyadmin/favicon.ico HTTP/1.1" 200 18902
::1 - - [12/Nov/2019:14:29:54 -0200] "POST /phpmyadmin/index.php HTTP/1.1" 302 -
::1 - - [12/Nov/2019:14:29:55 -0200] "GET /phpmyadmin/index.php?token=51102de6b10be4b87ec984f1424b6073 HTTP/1.1" 200 49060
::1 - - [12/Nov/2019:14:29:56 -0200] "GET /phpmyadmin/phpmyadmin.css.php?server=1&token=51102de6b10be4b87ec984f1424b6073&nocache=6294299239ltr HTTP/1.1" 200 92653
::1 - - [12/Nov/2019:14:29:56 -0200] "GET /phpmyadmin/js/messages.php?lang=pt&db=&server=0&token=51102de6b10be4b87ec984f1424b6073 HTTP/1.1" 200 18108
::1 - - [12/Nov/2019:14:29:56 -0200] "GET /phpmyadmin/themes/pmahomme/img/logo_left.png HTTP/1.1" 200 2327
::1 - - [12/Nov/2019:14:29:56 -0200] "GET /phpmyadmin/themes/pmahomme/img/ajax_clock_small.gif HTTP/1.1" 200 1810
::1 - - [12/Nov/2019:14:29:56 -0200] "GET /phpmyadmin/themes/pmahomme/img/left_nav_bg.png HTTP/1.1" 200 297
::1 - - [12/Nov/2019:14:29:56 -0200] "GET /phpmyadmin/version_check.php?&_nocache=1573576196787325079 HTTP/1.1" 200 -
::1 - - [12/Nov/2019:14:30:00 -0200] "GET /phpmyadmin/navigation.php?ajax_request=1&token=51102de6b10be4b87ec984f1424b6073&aPath=cm9vdA%3D%3D.bnV0cmlzdGF0cw%3D%3D&vPath=cm9vdA%3D%3D.bnV0cmlzdGF0cw%3D%3D&pos=0&pos2_name=&pos2_value=&searchClause=&searchClause2=&_nocache=1573576200057407330 HTTP/1.1" 200 2155
::1 - - [12/Nov/2019:14:30:01 -0200] "GET /phpmyadmin/db_structure.php?server=1&db=nutristats&token=51102de6b10be4b87ec984f1424b6073&ajax_request=true&ajax_page_request=true&menuHashes=f87878ab&_nocache=1573576201410958620 HTTP/1.1" 200 15872
::1 - - [12/Nov/2019:14:30:19 -0200] "GET /phpmyadmin/themes/pmahomme/img/arrow_ltr.png HTTP/1.1" 200 139
::1 - - [12/Nov/2019:14:30:19 -0200] "GET /phpmyadmin/js/get_scripts.js.php?scripts[]=db_structure.js&scripts[]=tbl_change.js HTTP/1.1" 200 12382
::1 - - [12/Nov/2019:14:30:07 -0200] "GET /phpmyadmin/navigation.php?ajax_request=1&token=51102de6b10be4b87ec984f1424b6073&aPath=cm9vdA%3D%3D.cHJvamV0b3dlYg%3D%3D&vPath=cm9vdA%3D%3D.cHJvamV0b3dlYg%3D%3D&pos=0&pos2_name=&pos2_value=&searchClause=&searchClause2=&_nocache=1573576207983683120 HTTP/1.1" 200 3737
::1 - - [12/Nov/2019:14:30:21 -0200] "GET /phpmyadmin/navigation.php?ajax_request=1&token=51102de6b10be4b87ec984f1424b6073&aPath=cm9vdA%3D%3D.bnV0cmlzdGF0cw%3D%3D.dGFibGVz.dGFibGUgMQ%3D%3D&vPath=cm9vdA%3D%3D.bnV0cmlzdGF0cw%3D%3D.VGFiZWxhcw%3D%3D.dGFibGUgMQ%3D%3D&pos=0&pos2_name=tables&pos2_value=0&searchClause=&searchClause2=&_nocache=1573576221504344735 HTTP/1.1" 200 3571
::1 - - [12/Nov/2019:14:30:22 -0200] "GET /phpmyadmin/sql.php?server=1&db=nutristats&table=table+1&pos=0&token=51102de6b10be4b87ec984f1424b6073&ajax_request=true&ajax_page_request=true&menuHashes=f87878ab-f7cf2c4f&_nocache=1573576222339361070 HTTP/1.1" 200 168338
::1 - - [12/Nov/2019:14:30:23 -0200] "GET /phpmyadmin/js/get_scripts.js.php?scripts[]=tbl_structure.js&scripts[]=gis_data_editor.js&scripts[]=makegrid.js&scripts[]=sql.js HTTP/1.1" 200 50287
::1 - - [12/Nov/2019:14:30:24 -0200] "GET /phpmyadmin/index.php?ajax_request=1&recent_table=1&token=51102de6b10be4b87ec984f1424b6073 HTTP/1.1" 200 221
::1 - - [12/Nov/2019:14:30:24 -0200] "GET /phpmyadmin/themes/pmahomme/img/col_pointer.png HTTP/1.1" 200 113
::1 - - [12/Nov/2019:14:30:44 -0200] "GET /phpmyadmin/sql.php?server=1&db=nutristats&table=usuario&pos=0&token=51102de6b10be4b87ec984f1424b6073&ajax_request=true&ajax_page_request=true&menuHashes=f87878ab-f7cf2c4f-ba3e8542&_nocache=157357624485197112 HTTP/1.1" 200 31465
::1 - - [12/Nov/2019:14:30:45 -0200] "GET /phpmyadmin/themes/pmahomme/img/col_drop.png HTTP/1.1" 200 132
::1 - - [12/Nov/2019:14:30:45 -0200] "GET /phpmyadmin/themes/pmahomme/img/s_fulltext.png HTTP/1.1" 200 193
::1 - - [12/Nov/2019:14:30:45 -0200] "GET /phpmyadmin/index.php?ajax_request=1&recent_table=1&token=51102de6b10be4b87ec984f1424b6073 HTTP/1.1" 200 349
::1 - - [12/Nov/2019:14:30:52 -0200] "GET /phpmyadmin/navigation.php?ajax_request=1&token=51102de6b10be4b87ec984f1424b6073&aPath=cm9vdA%3D%3D.bnV0cmlzdGF0cw%3D%3D.dGFibGVz.dXN1YXJpbw%3D%3D&vPath=cm9vdA%3D%3D.bnV0cmlzdGF0cw%3D%3D.VGFiZWxhcw%3D%3D.dXN1YXJpbw%3D%3D&pos=0&pos2_name=tables&pos2_value=0&searchClause=&searchClause2=&_nocache=1573576252272731944 HTTP/1.1" 200 3476
::1 - - [12/Nov/2019:14:30:53 -0200] "GET /phpmyadmin/sql.php?server=1&db=nutristats&table=usuario&pos=0&token=51102de6b10be4b87ec984f1424b6073&ajax_request=true&ajax_page_request=true&menuHashes=f87878ab-f7cf2c4f-ba3e8542-b6c2160b&_nocache=1573576253609167002 HTTP/1.1" 200 28333
::1 - - [12/Nov/2019:14:30:53 -0200] "GET /phpmyadmin/index.php?ajax_request=1&recent_table=1&token=51102de6b10be4b87ec984f1424b6073 HTTP/1.1" 200 349
::1 - - [12/Nov/2019:14:30:55 -0200] "GET /phpmyadmin/tbl_operations.php?db=nutristats&table=usuario&token=51102de6b10be4b87ec984f1424b6073&ajax_request=true&ajax_page_request=true&menuHashes=f87878ab-f7cf2c4f-ba3e8542-b6c2160b&_nocache=1573576255086192482 HTTP/1.1" 200 46957
::1 - - [12/Nov/2019:14:30:55 -0200] "GET /phpmyadmin/index.php?ajax_request=1&recent_table=1&token=51102de6b10be4b87ec984f1424b6073 HTTP/1.1" 200 349
::1 - - [12/Nov/2019:14:30:57 -0200] "GET /phpmyadmin/themes/pmahomme/jquery/images/ui-bg_flat_75_ffffff_40x100.png HTTP/1.1" 200 178
::1 - - [12/Nov/2019:14:30:57 -0200] "GET /phpmyadmin/themes/pmahomme/jquery/images/ui-bg_highlight-soft_75_cccccc_1x100.png HTTP/1.1" 200 101
::1 - - [12/Nov/2019:14:30:57 -0200] "GET /phpmyadmin/themes/pmahomme/jquery/images/ui-icons_222222_256x240.png HTTP/1.1" 200 4369
::1 - - [12/Nov/2019:14:30:57 -0200] "GET /phpmyadmin/themes/pmahomme/jquery/images/ui-bg_glass_75_e6e6e6_1x400.png HTTP/1.1" 200 110
::1 - - [12/Nov/2019:14:30:57 -0200] "GET /phpmyadmin/themes/pmahomme/jquery/images/ui-bg_flat_0_aaaaaa_40x100.png HTTP/1.1" 200 180
::1 - - [12/Nov/2019:14:30:57 -0200] "GET /phpmyadmin/themes/pmahomme/jquery/images/ui-bg_glass_75_dadada_1x400.png HTTP/1.1" 200 159
::1 - - [12/Nov/2019:14:30:58 -0200] "GET /phpmyadmin/themes/pmahomme/jquery/images/ui-bg_glass_65_ffffff_1x400.png HTTP/1.1" 200 105
::1 - - [12/Nov/2019:14:30:58 -0200] "GET /phpmyadmin/sql.php?db=nutristats&table=usuario&back=tbl_operations.php&goto=db_operations.php&sql_query=DROP+TABLE+%60usuario%60&reload=1&purge=1&message_to_show=A+tabela+usuario+foi+eliminada&token=51102de6b10be4b87ec984f1424b6073&is_js_confirmed=1&ajax_request=true&_nocache=1573576258639991578 HTTP/1.1" 200 1797
::1 - - [12/Nov/2019:14:30:59 -0200] "POST /phpmyadmin/navigation.php?ajax_request=1&token=51102de6b10be4b87ec984f1424b6073 HTTP/1.1" 200 11927
::1 - - [12/Nov/2019:14:30:59 -0200] "POST /phpmyadmin/navigation.php?ajax_request=1&token=51102de6b10be4b87ec984f1424b6073 HTTP/1.1" 200 11927
::1 - - [12/Nov/2019:14:30:59 -0200] "GET /phpmyadmin/db_structure.php?token=51102de6b10be4b87ec984f1424b6073&server=1&db=nutristats&table=&ajax_request=true&ajax_page_request=true&menuHashes=f87878ab-f7cf2c4f-ba3e8542-b6c2160b-c3e73912&_nocache=1573576259345379306 HTTP/1.1" 200 9782
::1 - - [12/Nov/2019:14:31:55 -0200] "GET /phpmyadmin/index.php?token=51102de6b10be4b87ec984f1424b6073 HTTP/1.1" 200 49255
::1 - - [12/Nov/2019:14:31:56 -0200] "GET /phpmyadmin/phpmyadmin.css.php?server=1&token=51102de6b10be4b87ec984f1424b6073&nocache=6294299240ltr HTTP/1.1" 200 92653
::1 - - [12/Nov/2019:14:31:56 -0200] "GET /phpmyadmin/db_structure.php?db=nutristats&table=&server=1&target=&token=51102de6b10be4b87ec984f1424b6073 HTTP/1.1" 200 24059
::1 - - [12/Nov/2019:14:31:56 -0200] "GET /phpmyadmin/js/get_scripts.js.php?scripts[]=jquery/jquery-1.8.3.js&scripts[]=ajax.js&scripts[]=keyhandler.js&scripts[]=jquery/jquery-ui-1.9.2.custom.js&scripts[]=jquery/jquery.sprintf.js&scripts[]=jquery/jquery.cookie.js&scripts[]=jquery/jquery.mousewheel.js&scripts[]=jquery/jquery.event.drag-2.2.js&scripts[]=jquery/jquery-ui-timepicker-addon.js&scripts[]=jquery/jquery.ba-hashchange-1.3.js&scripts[]=jquery/jquery.debounce-1.0.5.js&scripts[]=jquery/jquery.menuResizer-1.0.js&scripts[]=rte.js&scripts[]=functions.js&scripts[]=navigation.js&scripts[]=indexes.js&scripts[]=common.js&scripts[]=db_structure.js&scripts[]=tbl_change.js&scripts[]=codemirror/lib/codemirror.js&scripts[]=codemirror/mode/mysql/mysql.js HTTP/1.1" 200 591003
::1 - - [12/Nov/2019:14:31:56 -0200] "GET /phpmyadmin/js/messages.php?lang=pt&db=nutristats&token=51102de6b10be4b87ec984f1424b6073 HTTP/1.1" 200 18108
::1 - - [12/Nov/2019:14:31:57 -0200] "GET /phpmyadmin/navigation.php?ajax_request=1&token=51102de6b10be4b87ec984f1424b6073&aPath=cm9vdA%3D%3D.bnV0cmlzdGF0cw%3D%3D&vPath=cm9vdA%3D%3D.bnV0cmlzdGF0cw%3D%3D&pos=0&pos2_name=&pos2_value=&searchClause=&searchClause2=&_nocache=1573576317847232655 HTTP/1.1" 200 2155
::1 - - [12/Nov/2019:14:31:59 -0200] "GET /phpmyadmin/navigation.php?ajax_request=1&token=51102de6b10be4b87ec984f1424b6073&aPath=cm9vdA%3D%3D.bnV0cmlzdGF0cw%3D%3D.dGFibGVz.dXN1YXJpbw%3D%3D&vPath=cm9vdA%3D%3D.bnV0cmlzdGF0cw%3D%3D.VGFiZWxhcw%3D%3D.dXN1YXJpbw%3D%3D&pos=0&pos2_name=tables&pos2_value=0&searchClause=&searchClause2=&_nocache=1573576319636471827 HTTP/1.1" 200 3476
::1 - - [12/Nov/2019:14:32:01 -0200] "GET /phpmyadmin/sql.php?server=1&db=nutristats&table=usuario&pos=0&token=51102de6b10be4b87ec984f1424b6073&ajax_request=true&ajax_page_request=true&menuHashes=f7cf2c4f&_nocache=1573576321201451181 HTTP/1.1" 200 20988
::1 - - [12/Nov/2019:14:32:01 -0200] "GET /phpmyadmin/index.php?ajax_request=1&recent_table=1&token=51102de6b10be4b87ec984f1424b6073 HTTP/1.1" 200 349
::1 - - [12/Nov/2019:16:53:25 -0200] "GET /phpmyadmin/themes/pmahomme/jquery/images/ui-icons_222222_256x240.png HTTP/1.1" 304 -
::1 - - [12/Nov/2019:16:53:25 -0200] "GET /phpmyadmin/themes/pmahomme/jquery/images/ui-bg_flat_0_aaaaaa_40x100.png HTTP/1.1" 304 -
::1 - - [12/Nov/2019:16:53:25 -0200] "GET /phpmyadmin/themes/pmahomme/jquery/images/ui-bg_highlight-soft_75_cccccc_1x100.png HTTP/1.1" 304 -
::1 - - [12/Nov/2019:16:53:25 -0200] "GET /phpmyadmin/themes/pmahomme/jquery/images/ui-bg_flat_75_ffffff_40x100.png HTTP/1.1" 304 -
::1 - - [12/Nov/2019:16:53:25 -0200] "GET /phpmyadmin/themes/pmahomme/jquery/images/ui-bg_glass_75_e6e6e6_1x400.png HTTP/1.1" 304 -
::1 - - [12/Nov/2019:16:53:27 -0200] "GET /phpmyadmin/themes/pmahomme/jquery/images/ui-bg_glass_65_ffffff_1x400.png HTTP/1.1" 304 -
::1 - - [12/Nov/2019:16:53:25 -0200] "GET /phpmyadmin/themes/pmahomme/jquery/images/ui-bg_glass_75_dadada_1x400.png HTTP/1.1" 304 -
::1 - - [12/Nov/2019:16:53:38 -0200] "GET /phpmyadmin/tbl_operations.php?db=nutristats&table=usuario&token=51102de6b10be4b87ec984f1424b6073&ajax_request=true&ajax_page_request=true&menuHashes=f7cf2c4f-b6c2160b&_nocache=1573584818219159279 HTTP/1.1" 200 323
::1 - - [12/Nov/2019:16:53:43 -0200] "GET /phpmyadmin/db_structure.php?db=nutristats&table=&server=1&target=&token=51102de6b10be4b87ec984f1424b6073 HTTP/1.1" 200 8295
::1 - - [12/Nov/2019:16:53:44 -0200] "GET /phpmyadmin/themes/pmahomme/jquery/jquery-ui-1.9.2.custom.css HTTP/1.1" 304 -
::1 - - [12/Nov/2019:16:53:44 -0200] "GET /phpmyadmin/phpmyadmin.css.php?server=1&token=51102de6b10be4b87ec984f1424b6073&nocache=4720723044ltr HTTP/1.1" 200 92653
::1 - - [12/Nov/2019:16:53:45 -0200] "GET /phpmyadmin/themes/pmahomme/img/logo_right.png HTTP/1.1" 304 -
::1 - - [12/Nov/2019:16:53:45 -0200] "GET /phpmyadmin/themes/dot.gif HTTP/1.1" 304 -
::1 - - [12/Nov/2019:16:53:44 -0200] "GET /phpmyadmin/js/get_scripts.js.php?scripts[]=jquery/jquery-1.8.3.js&scripts[]=ajax.js&scripts[]=keyhandler.js&scripts[]=jquery/jquery-ui-1.9.2.custom.js&scripts[]=jquery/jquery.sprintf.js&scripts[]=jquery/jquery.cookie.js&scripts[]=jquery/jquery.mousewheel.js&scripts[]=jquery/jquery.event.drag-2.2.js&scripts[]=jquery/jquery-ui-timepicker-addon.js&scripts[]=jquery/jquery.ba-hashchange-1.3.js&scripts[]=jquery/jquery.debounce-1.0.5.js&scripts[]=jquery/jquery.menuResizer-1.0.js&scripts[]=rte.js&scripts[]=functions.js&scripts[]=navigation.js&scripts[]=indexes.js&scripts[]=common.js&scripts[]=codemirror/lib/codemirror.js&scripts[]=codemirror/mode/mysql/mysql.js HTTP/1.1" 200 578621
::1 - - [12/Nov/2019:16:53:46 -0200] "GET /phpmyadmin/sql.php?db=nutristats&table=usuario&server=1&target=&token=51102de6b10be4b87ec984f1424b6073 HTTP/1.1" 200 8352
::1 - - [12/Nov/2019:16:53:47 -0200] "GET /phpmyadmin/themes/pmahomme/img/sprites.png HTTP/1.1" 304 -
::1 - - [12/Nov/2019:16:53:52 -0200] "POST /phpmyadmin/index.php HTTP/1.1" 302 -
::1 - - [12/Nov/2019:16:53:53 -0200] "GET /phpmyadmin/index.php?db=nutristats&table=usuario&target=sql.php&token=51102de6b10be4b87ec984f1424b6073 HTTP/1.1" 200 29520
::1 - - [12/Nov/2019:16:53:54 -0200] "GET /phpmyadmin/js/get_scripts.js.php?scripts[]=jquery/jquery-1.8.3.js&scripts[]=ajax.js&scripts[]=keyhandler.js&scripts[]=jquery/jquery-ui-1.9.2.custom.js&scripts[]=jquery/jquery.sprintf.js&scripts[]=jquery/jquery.cookie.js&scripts[]=jquery/jquery.mousewheel.js&scripts[]=jquery/jquery.event.drag-2.2.js&scripts[]=jquery/jquery-ui-timepicker-addon.js&scripts[]=jquery/jquery.ba-hashchange-1.3.js&scripts[]=jquery/jquery.debounce-1.0.5.js&scripts[]=jquery/jquery.menuResizer-1.0.js&scripts[]=rte.js&scripts[]=functions.js&scripts[]=navigation.js&scripts[]=indexes.js&scripts[]=common.js&scripts[]=tbl_change.js&scripts[]=tbl_structure.js&scripts[]=gis_data_editor.js&scripts[]=makegrid.js&scripts[]=sql.js&scripts[]=codemirror/lib/codemirror.js&scripts[]=codemirror/mode/mysql/mysql.js HTTP/1.1" 200 635923
::1 - - [12/Nov/2019:16:53:55 -0200] "GET /phpmyadmin/themes/pmahomme/img/logo_left.png HTTP/1.1" 304 -
::1 - - [12/Nov/2019:16:53:55 -0200] "GET /phpmyadmin/themes/pmahomme/img/ajax_clock_small.gif HTTP/1.1" 304 -
::1 - - [12/Nov/2019:16:53:55 -0200] "GET /phpmyadmin/themes/pmahomme/img/s_fulltext.png HTTP/1.1" 304 -
::1 - - [12/Nov/2019:16:53:55 -0200] "GET /phpmyadmin/themes/pmahomme/img/arrow_ltr.png HTTP/1.1" 304 -
::1 - - [12/Nov/2019:16:53:54 -0200] "GET /phpmyadmin/js/messages.php?lang=pt&db=nutristats&server=0&token=51102de6b10be4b87ec984f1424b6073 HTTP/1.1" 200 18108
::1 - - [12/Nov/2019:16:53:55 -0200] "GET /phpmyadmin/themes/pmahomme/img/left_nav_bg.png HTTP/1.1" 304 -
::1 - - [12/Nov/2019:16:53:55 -0200] "GET /phpmyadmin/themes/pmahomme/img/col_pointer.png HTTP/1.1" 304 -
::1 - - [12/Nov/2019:16:53:55 -0200] "GET /phpmyadmin/themes/pmahomme/img/col_drop.png HTTP/1.1" 304 -
::1 - - [12/Nov/2019:16:53:55 -0200] "GET /phpmyadmin/index.php?ajax_request=1&recent_table=1&token=51102de6b10be4b87ec984f1424b6073 HTTP/1.1" 200 349
::1 - - [12/Nov/2019:16:53:59 -0200] "GET /phpmyadmin/tbl_operations.php?db=nutristats&table=usuario&token=51102de6b10be4b87ec984f1424b6073&ajax_request=true&ajax_page_request=true&menuHashes=3c35bbf4&_nocache=157358483968328505 HTTP/1.1" 200 46957
::1 - - [12/Nov/2019:16:54:00 -0200] "GET /phpmyadmin/index.php?ajax_request=1&recent_table=1&token=51102de6b10be4b87ec984f1424b6073 HTTP/1.1" 200 349
::1 - - [12/Nov/2019:16:54:07 -0200] "GET /phpmyadmin/sql.php?db=nutristats&table=usuario&back=tbl_operations.php&goto=db_operations.php&sql_query=DROP+TABLE+%60usuario%60&reload=1&purge=1&message_to_show=A+tabela+usuario+foi+eliminada&token=51102de6b10be4b87ec984f1424b6073&is_js_confirmed=1&ajax_request=true&_nocache=1573584847966452615 HTTP/1.1" 200 1797
::1 - - [12/Nov/2019:16:54:08 -0200] "POST /phpmyadmin/navigation.php?ajax_request=1&token=51102de6b10be4b87ec984f1424b6073 HTTP/1.1" 200 3191
::1 - - [12/Nov/2019:16:54:08 -0200] "GET /phpmyadmin/db_structure.php?token=51102de6b10be4b87ec984f1424b6073&server=1&db=nutristats&table=&ajax_request=true&ajax_page_request=true&menuHashes=3c35bbf4-c3e73912&_nocache=1573584848866494747 HTTP/1.1" 200 13050
::1 - - [12/Nov/2019:16:54:09 -0200] "GET /phpmyadmin/js/get_scripts.js.php?scripts[]=db_structure.js HTTP/1.1" 200 5367
::1 - - [12/Nov/2019:16:54:08 -0200] "POST /phpmyadmin/navigation.php?ajax_request=1&token=51102de6b10be4b87ec984f1424b6073 HTTP/1.1" 200 3191
::1 - - [12/Nov/2019:16:54:14 -0200] "GET /phpmyadmin/navigation.php?ajax_request=1&token=51102de6b10be4b87ec984f1424b6073&aPath=cm9vdA%3D%3D.bnV0cmlzdGF0cw%3D%3D&vPath=cm9vdA%3D%3D.bnV0cmlzdGF0cw%3D%3D&pos=0&pos2_name=&pos2_value=&searchClause=&searchClause2=&_nocache=1573584854053540533 HTTP/1.1" 200 1360
::1 - - [12/Nov/2019:16:55:15 -0200] "GET /phpmyadmin/index.php?db=nutristats&table=usuario&target=sql.php&token=51102de6b10be4b87ec984f1424b6073 HTTP/1.1" 200 29410
::1 - - [12/Nov/2019:16:55:16 -0200] "GET /phpmyadmin/db_structure.php?db=nutristats&table=&server=1&target=&token=51102de6b10be4b87ec984f1424b6073 HTTP/1.1" 200 24059
::1 - - [12/Nov/2019:16:55:16 -0200] "GET /phpmyadmin/js/get_scripts.js.php?scripts[]=jquery/jquery-1.8.3.js&scripts[]=ajax.js&scripts[]=keyhandler.js&scripts[]=jquery/jquery-ui-1.9.2.custom.js&scripts[]=jquery/jquery.sprintf.js&scripts[]=jquery/jquery.cookie.js&scripts[]=jquery/jquery.mousewheel.js&scripts[]=jquery/jquery.event.drag-2.2.js&scripts[]=jquery/jquery-ui-timepicker-addon.js&scripts[]=jquery/jquery.ba-hashchange-1.3.js&scripts[]=jquery/jquery.debounce-1.0.5.js&scripts[]=jquery/jquery.menuResizer-1.0.js&scripts[]=rte.js&scripts[]=functions.js&scripts[]=navigation.js&scripts[]=indexes.js&scripts[]=common.js&scripts[]=db_structure.js&scripts[]=tbl_change.js&scripts[]=codemirror/lib/codemirror.js&scripts[]=codemirror/mode/mysql/mysql.js HTTP/1.1" 200 591003
::1 - - [12/Nov/2019:16:55:16 -0200] "GET /phpmyadmin/favicon.ico HTTP/1.1" 304 -
::1 - - [12/Nov/2019:16:55:18 -0200] "GET /phpmyadmin/navigation.php?ajax_request=1&token=51102de6b10be4b87ec984f1424b6073&aPath=cm9vdA%3D%3D.bnV0cmlzdGF0cw%3D%3D&vPath=cm9vdA%3D%3D.bnV0cmlzdGF0cw%3D%3D&pos=0&pos2_name=&pos2_value=&searchClause=&searchClause2=&_nocache=157358491807088318 HTTP/1.1" 200 2155
::1 - - [12/Nov/2019:16:55:19 -0200] "GET /phpmyadmin/sql.php?server=1&db=nutristats&table=usuario&pos=0&token=51102de6b10be4b87ec984f1424b6073&ajax_request=true&ajax_page_request=true&menuHashes=f7cf2c4f&_nocache=1573584919427731377 HTTP/1.1" 200 20868
::1 - - [12/Nov/2019:16:55:19 -0200] "GET /phpmyadmin/js/get_scripts.js.php?scripts[]=tbl_structure.js&scripts[]=gis_data_editor.js&scripts[]=makegrid.js&scripts[]=sql.js HTTP/1.1" 200 50287
::1 - - [12/Nov/2019:16:55:19 -0200] "GET /phpmyadmin/index.php?ajax_request=1&recent_table=1&token=51102de6b10be4b87ec984f1424b6073 HTTP/1.1" 200 349
::1 - - [12/Nov/2019:17:03:28 -0200] "GET /phpmyadmin/db_structure.php?db=nutristats&table=&server=1&target=&token=51102de6b10be4b87ec984f1424b6073 HTTP/1.1" 200 24059
::1 - - [12/Nov/2019:17:03:28 -0200] "GET /phpmyadmin/sql.php?db=nutristats&table=usuario&server=1&target=&token=51102de6b10be4b87ec984f1424b6073 HTTP/1.1" 200 34018
::1 - - [12/Nov/2019:17:03:28 -0200] "GET /phpmyadmin/index.php?ajax_request=1&recent_table=1&token=51102de6b10be4b87ec984f1424b6073 HTTP/1.1" 200 349
