2019-11-19 14:55:29 7536 [Note] Plugin 'FEDERATED' is disabled.
2019-11-19 14:55:29 7536 [Note] InnoDB: The InnoDB memory heap is disabled
2019-11-19 14:55:29 7536 [Note] InnoDB: Mutexes and rw_locks use Windows interlocked functions
2019-11-19 14:55:29 7536 [Note] InnoDB: Compressed tables use zlib 1.2.3
2019-11-19 14:55:29 7536 [Note] InnoDB: Not using CPU crc32 instructions
2019-11-19 14:55:29 7536 [Note] InnoDB: Initializing buffer pool, size = 128.0M
2019-11-19 14:55:29 7536 [Note] InnoDB: Completed initialization of buffer pool
2019-11-19 14:55:29 7536 [Note] InnoDB: Highest supported file format is Barracuda.
2019-11-19 14:55:29 7536 [Note] InnoDB: The log sequence numbers 4330844 and 4330844 in ibdata files do not match the log sequence number 5586870 in the ib_logfiles!
2019-11-19 14:55:29 7536 [Note] InnoDB: Database was not shutdown normally!
2019-11-19 14:55:29 7536 [Note] InnoDB: Starting crash recovery.
2019-11-19 14:55:29 7536 [Note] InnoDB: Reading tablespace information from the .ibd files...
2019-11-19 14:55:29 7536 [Note] InnoDB: Restoring possible half-written data pages 
2019-11-19 14:55:29 7536 [Note] InnoDB: from the doublewrite buffer...
2019-11-19 14:55:30 7536 [Note] InnoDB: 128 rollback segment(s) are active.
2019-11-19 14:55:30 7536 [Note] InnoDB: Waiting for purge to start
2019-11-19 14:55:30 7536 [Note] InnoDB: 5.6.13 started; log sequence number 5586870
2019-11-19 14:55:30 7536 [Note] Server hostname (bind-address): '*'; port: 3307
2019-11-19 14:55:30 7536 [Note] IPv6 is available.
2019-11-19 14:55:30 7536 [Note]   - '::' resolves to '::';
2019-11-19 14:55:30 7536 [Note] Server socket created on IP: '::'.
2019-11-21 14:33:54 14024 [Note] Plugin 'FEDERATED' is disabled.
2019-11-21 14:33:54 14024 [Note] InnoDB: The InnoDB memory heap is disabled
2019-11-21 14:33:54 14024 [Note] InnoDB: Mutexes and rw_locks use Windows interlocked functions
2019-11-21 14:33:54 14024 [Note] InnoDB: Compressed tables use zlib 1.2.3
2019-11-21 14:33:54 14024 [Note] InnoDB: Not using CPU crc32 instructions
2019-11-21 14:33:54 14024 [Note] InnoDB: Initializing buffer pool, size = 128.0M
2019-11-21 14:33:54 14024 [Note] InnoDB: Completed initialization of buffer pool
2019-11-21 14:33:54 14024 [Note] InnoDB: Highest supported file format is Barracuda.
2019-11-21 14:33:54 14024 [Note] InnoDB: The log sequence numbers 4330844 and 4330844 in ibdata files do not match the log sequence number 5591257 in the ib_logfiles!
2019-11-21 14:33:54 14024 [Note] InnoDB: Database was not shutdown normally!
2019-11-21 14:33:54 14024 [Note] InnoDB: Starting crash recovery.
2019-11-21 14:33:54 14024 [Note] InnoDB: Reading tablespace information from the .ibd files...
2019-11-21 14:33:54 14024 [Note] InnoDB: Restoring possible half-written data pages 
2019-11-21 14:33:54 14024 [Note] InnoDB: from the doublewrite buffer...
2019-11-21 14:33:55 14024 [Note] InnoDB: 128 rollback segment(s) are active.
2019-11-21 14:33:55 14024 [Note] InnoDB: Waiting for purge to start
2019-11-21 14:33:55 14024 [Note] InnoDB: 5.6.13 started; log sequence number 5591257
2019-11-21 14:33:55 14024 [Note] Server hostname (bind-address): '*'; port: 3307
2019-11-21 14:33:55 14024 [Note] IPv6 is available.
2019-11-21 14:33:55 14024 [Note]   - '::' resolves to '::';
2019-11-21 14:33:55 14024 [Note] Server socket created on IP: '::'.
2019-11-21 18:01:45 10092 [Note] Plugin 'FEDERATED' is disabled.
2019-11-21 18:01:45 10092 [Note] InnoDB: The InnoDB memory heap is disabled
2019-11-21 18:01:45 10092 [Note] InnoDB: Mutexes and rw_locks use Windows interlocked functions
2019-11-21 18:01:45 10092 [Note] InnoDB: Compressed tables use zlib 1.2.3
2019-11-21 18:01:45 10092 [Note] InnoDB: Not using CPU crc32 instructions
2019-11-21 18:01:45 10092 [Note] InnoDB: Initializing buffer pool, size = 128.0M
2019-11-21 18:01:45 10092 [Note] InnoDB: Completed initialization of buffer pool
2019-11-21 18:01:45 10092 [Note] InnoDB: Highest supported file format is Barracuda.
2019-11-21 18:01:45 10092 [Note] InnoDB: The log sequence numbers 4330844 and 4330844 in ibdata files do not match the log sequence number 5642271 in the ib_logfiles!
2019-11-21 18:01:45 10092 [Note] InnoDB: Database was not shutdown normally!
2019-11-21 18:01:45 10092 [Note] InnoDB: Starting crash recovery.
2019-11-21 18:01:45 10092 [Note] InnoDB: Reading tablespace information from the .ibd files...
2019-11-21 18:01:45 10092 [Note] InnoDB: Restoring possible half-written data pages 
2019-11-21 18:01:45 10092 [Note] InnoDB: from the doublewrite buffer...
2019-11-21 18:01:45 10092 [Note] InnoDB: 128 rollback segment(s) are active.
2019-11-21 18:01:45 10092 [Note] InnoDB: Waiting for purge to start
2019-11-21 18:01:45 10092 [Note] InnoDB: 5.6.13 started; log sequence number 5642271
2019-11-21 18:01:45 10092 [Note] Server hostname (bind-address): '*'; port: 3307
2019-11-21 18:01:45 10092 [Note] IPv6 is available.
2019-11-21 18:01:45 10092 [Note]   - '::' resolves to '::';
2019-11-21 18:01:45 10092 [Note] Server socket created on IP: '::'.
